22-12-2019 03:35:00, Starting Job
22-12-2019 03:35:00, Collecting Data
22-12-2019 03:35:00, The key SF_USER is not set in environment, exiting...
22-12-2019 03:35:00, It was not possible to generate a connection with SalesForce! Error: 
22-12-2019 03:35:00, Starting Job
22-12-2019 03:35:00, Collecting Data
22-12-2019 03:35:00, The key SF_USER is not set in environment, exiting...
22-12-2019 03:35:00, It was not possible to generate a connection with SalesForce! Error: 
22-12-2019 03:35:00, Starting Job
22-12-2019 03:35:00, Collecting Data
22-12-2019 03:35:00, The key SF_USER is not set in environment, exiting...
22-12-2019 03:35:00, It was not possible to generate a connection with SalesForce! Error: 
22-12-2019 03:37:08, Starting Job
22-12-2019 03:37:08, Collecting Data
22-12-2019 03:37:08, Sending e-mail
22-12-2019 03:37:08, Finish Processing
22-12-2019 03:38:02, Starting Job
22-12-2019 03:38:02, Collecting Data
22-12-2019 03:38:02, Sending e-mail
22-12-2019 03:38:02, Finish Processing
22-12-2019 03:40:01, Starting Job
22-12-2019 03:40:01, Collecting Data
22-12-2019 03:40:01, Sending e-mail
22-12-2019 03:40:01, Finish Processing
